<?xml version="1.0" encoding="UTF-8" ?>
<testsuite tests="1" failures="0" name="com.acme.module2.Module2Test" time="0.011" errors="0" skipped="0">
  <properties>
    <property name="java.runtime.name" value="Java(TM) SE Runtime Environment"/>
    <property name="sun.boot.library.path" value="C:\ThsSoftware\JDK8u144x64_ths\jdk\jre\bin"/>
    <property name="java.vm.version" value="25.144-b01"/>
    <property name="sonar.branch.name" value="master"/>
    <property name="java.vm.vendor" value="Oracle Corporation"/>
    <property name="maven.multiModuleProjectDirectory" value="D:/dev/java/sonar-scanning-examples/sonarqube-scanner-maven/maven-multimodule"/>
    <property name="java.vendor.url" value="http://java.oracle.com/"/>
    <property name="path.separator" value=";"/>
    <property name="guice.disable.misplaced.annotation.check" value="true"/>
    <property name="java.vm.name" value="Java HotSpot(TM) 64-Bit Server VM"/>
    <property name="file.encoding.pkg" value="sun.io"/>
    <property name="user.script" value=""/>
    <property name="user.country" value="CN"/>
    <property name="sun.java.launcher" value="SUN_STANDARD"/>
    <property name="sun.os.patch.level" value="Service Pack 1"/>
    <property name="java.vm.specification.name" value="Java Virtual Machine Specification"/>
    <property name="user.dir" value="D:\dev\java\sonar-scanning-examples\sonarqube-scanner-maven\maven-multimodule"/>
    <property name="java.runtime.version" value="1.8.0_144-b01"/>
    <property name="java.awt.graphicsenv" value="sun.awt.Win32GraphicsEnvironment"/>
    <property name="java.endorsed.dirs" value="C:\ThsSoftware\JDK8u144x64_ths\jdk\jre\lib\endorsed"/>
    <property name="os.arch" value="amd64"/>
    <property name="java.io.tmpdir" value="C:\Users\VIRUSE~1.V-D\AppData\Local\Temp\"/>
    <property name="line.separator" value="
"/>
    <property name="java.vm.specification.vendor" value="Oracle Corporation"/>
    <property name="user.variant" value=""/>
    <property name="os.name" value="Windows 7"/>
    <property name="classworlds.conf" value="D:/Program Files/apache-maven-3.6.3/bin/m2.conf"/>
    <property name="sun.jnu.encoding" value="GBK"/>
    <property name="java.library.path" value="C:\ThsSoftware\JDK8u144x64_ths\jdk\bin;C:\Windows\Sun\Java\bin;C:\Windows\system32;C:\Windows;C:\Program Files\Git\mingw64\bin;C:\Program Files\Git\usr\bin;C:\Users\viruser.v-desktop\bin;C:\ThsSoftware\Python_ths\Scripts;C:\ThsSoftware\Python_ths;C:\ProgramData\Oracle\Java\javapath;C:\Windows\system32;C:\Windows;C:\Windows\System32\Wbem;C:\Windows\System32\WindowsPowerShell\v1.0;C:\Program Files\TortoiseSVN\bin;C:\Program Files\Anaconda3;C:\Program Files\Anaconda3\Scripts;C:\Program Files\Anaconda3\Library\bin;C:\Program Files\Anaconda2;C:\Program Files\Anaconda2\Scripts;C:\Program Files\Anaconda2\Library\bin;C:\Program Files\Git\cmd;C:\ThsSoftware\nodejs_ths;C:\Program Files\TortoiseGit\bin;C:\ThsSoftware\Golang_ths\ths\bin;C:\Users\viruser.v-desktop\AppData\Local\Pandoc;D:\Program Files\JetBrains\PyCharm 2019.2.3\bin;C:\Users\viruser.v-desktop\AppData\Roaming\npm;D:\Program Files\JetBrains\IntelliJ IDEA 2020.1\bin;C:\ThsSoftware\JDK8u144x64_ths\jdk\bin;D:\Program Files\JetBrains\GoLand 2020.2\bin;D:\Program Files\JetBrains\WebStorm 2020.2.1\bin;D:\Program Files\gradle-6.6\bin;D:\tool\ffmpeg\bin;D:\Program Files\Microsoft VS Code\bin;D:\Program Files\apache-maven-3.6.3\bin;."/>
    <property name="maven.conf" value="D:/Program Files/apache-maven-3.6.3/conf"/>
    <property name="java.specification.name" value="Java Platform API Specification"/>
    <property name="java.class.version" value="52.0"/>
    <property name="sun.management.compiler" value="HotSpot 64-Bit Tiered Compilers"/>
    <property name="os.version" value="6.1"/>
    <property name="library.jansi.path" value="D:/Program Files/apache-maven-3.6.3/lib/jansi-native"/>
    <property name="user.home" value="C:\Users\viruser.v-desktop"/>
    <property name="user.timezone" value="Asia/Shanghai"/>
    <property name="java.awt.printerjob" value="sun.awt.windows.WPrinterJob"/>
    <property name="java.specification.version" value="1.8"/>
    <property name="file.encoding" value="GBK"/>
    <property name="user.name" value="viruser"/>
    <property name="java.class.path" value="D:/Program Files/apache-maven-3.6.3/boot/plexus-classworlds-2.6.0.jar"/>
    <property name="java.vm.specification.version" value="1.8"/>
    <property name="sun.arch.data.model" value="64"/>
    <property name="java.home" value="C:\ThsSoftware\JDK8u144x64_ths\jdk\jre"/>
    <property name="sun.java.command" value="org.codehaus.plexus.classworlds.launcher.Launcher test sonar:sonar -Dsonar.branch.name=master"/>
    <property name="java.specification.vendor" value="Oracle Corporation"/>
    <property name="user.language" value="zh"/>
    <property name="awt.toolkit" value="sun.awt.windows.WToolkit"/>
    <property name="java.vm.info" value="mixed mode"/>
    <property name="java.version" value="1.8.0_144"/>
    <property name="java.ext.dirs" value="C:\ThsSoftware\JDK8u144x64_ths\jdk\jre\lib\ext;C:\Windows\Sun\Java\lib\ext"/>
    <property name="sun.boot.class.path" value="C:\ThsSoftware\JDK8u144x64_ths\jdk\jre\lib\resources.jar;C:\ThsSoftware\JDK8u144x64_ths\jdk\jre\lib\rt.jar;C:\ThsSoftware\JDK8u144x64_ths\jdk\jre\lib\sunrsasign.jar;C:\ThsSoftware\JDK8u144x64_ths\jdk\jre\lib\jsse.jar;C:\ThsSoftware\JDK8u144x64_ths\jdk\jre\lib\jce.jar;C:\ThsSoftware\JDK8u144x64_ths\jdk\jre\lib\charsets.jar;C:\ThsSoftware\JDK8u144x64_ths\jdk\jre\lib\jfr.jar;C:\ThsSoftware\JDK8u144x64_ths\jdk\jre\classes"/>
    <property name="sun.stderr.encoding" value="ms936"/>
    <property name="java.vendor" value="Oracle Corporation"/>
    <property name="maven.home" value="D:\Program Files\apache-maven-3.6.3"/>
    <property name="file.separator" value="\"/>
    <property name="java.vendor.url.bug" value="http://bugreport.sun.com/bugreport/"/>
    <property name="sun.cpu.endian" value="little"/>
    <property name="sun.io.unicode.encoding" value="UnicodeLittle"/>
    <property name="sun.stdout.encoding" value="ms936"/>
    <property name="sun.desktop" value="windows"/>
    <property name="sun.cpu.isalist" value="amd64"/>
  </properties>
  <testcase classname="com.acme.module2.Module2Test" name="coveredByUnitTest" time="0.011"/>
</testsuite>